<?xml version="1.0" encoding="UTF-8"?>
<!-- Generated by org.testng.reporters.JUnitReportReporter -->
<testsuite hostname="Dell_pc" failures="0" tests="1" name="testcases.LandingPageTest2" time="39.711" errors="0" timestamp="2021-01-07T01:44:54 IST" skipped="0">
  <testcase classname="testcases.LandingPageTest2" name="landingPage4" time="39.711"/>
  <system-out/>
</testsuite> <!-- testcases.LandingPageTest2 -->
