<?xml version="1.0" encoding="UTF-8"?>
<!-- Generated by org.testng.reporters.JUnitReportReporter -->
<testsuite hostname="Dell_pc" failures="0" tests="1" name="testcases.LandingPageTest" time="0.303" errors="0" timestamp="2021-01-06T22:08:16 IST" skipped="0">
  <testcase classname="testcases.LandingPageTest" name="landingPage3" time="0.303"/>
  <system-out/>
</testsuite> <!-- testcases.LandingPageTest -->
